C:\Program Files (x86)\Microsoft Visual Studio\2017\Community\Common7\IDE\VC\VCTargets\Microsoft.CppBuild.targets(944,5): warning MSB8027: cBarriar.cpp という名前の複数のファイルでは、同じ場所に出力が生成されます。これにより、不適切なビルド結果が生じる可能性があります。関連するファイルは source\cBarriar.cpp, source\src\cBarriar.cpp です。
C:\Program Files (x86)\Microsoft Visual Studio\2017\Community\Common7\IDE\VC\VCTargets\Microsoft.CppBuild.targets(944,5): warning MSB8027: cBeam.cpp という名前の複数のファイルでは、同じ場所に出力が生成されます。これにより、不適切なビルド結果が生じる可能性があります。関連するファイルは source\cBeam.cpp, source\src\cBeam.cpp です。
C:\Program Files (x86)\Microsoft Visual Studio\2017\Community\Common7\IDE\VC\VCTargets\Microsoft.CppBuild.targets(944,5): warning MSB8027: cCommon.cpp という名前の複数のファイルでは、同じ場所に出力が生成されます。これにより、不適切なビルド結果が生じる可能性があります。関連するファイルは source\cCommon.cpp, source\src\cCommon.cpp です。
C:\Program Files (x86)\Microsoft Visual Studio\2017\Community\Common7\IDE\VC\VCTargets\Microsoft.CppBuild.targets(944,5): warning MSB8027: cGameManager.cpp という名前の複数のファイルでは、同じ場所に出力が生成されます。これにより、不適切なビルド結果が生じる可能性があります。関連するファイルは source\cGameManager.cpp, source\src\cGameManager.cpp です。
C:\Program Files (x86)\Microsoft Visual Studio\2017\Community\Common7\IDE\VC\VCTargets\Microsoft.CppBuild.targets(944,5): warning MSB8027: cPlayer.cpp という名前の複数のファイルでは、同じ場所に出力が生成されます。これにより、不適切なビルド結果が生じる可能性があります。関連するファイルは source\cPlayer.cpp, source\src\cPlayer.cpp です。
C:\Program Files (x86)\Microsoft Visual Studio\2017\Community\Common7\IDE\VC\VCTargets\Microsoft.CppBuild.targets(944,5): warning MSB8027: cTimeManager.cpp という名前の複数のファイルでは、同じ場所に出力が生成されます。これにより、不適切なビルド結果が生じる可能性があります。関連するファイルは source\cTimeManager.cpp, source\src\cTimeManager.cpp です。
  cBarriar.cpp
  cBeam.cpp
  cBoss.cpp
  cCommon.cpp
  cEnemyWeapon.cpp
  cGameManager.cpp
d:\develop\project\vc2017\droid_ii\droid_ii\source\cgamemanager.cpp(611): error C2440: '初期化中': 'const char [5]' から 'char *' に変換できません。
  d:\develop\project\vc2017\droid_ii\droid_ii\source\cgamemanager.cpp(611): note: 文字列リテラルからの変換では const 修飾子が失われます (/Zc:strictStrings を参照)
d:\develop\project\vc2017\droid_ii\droid_ii\source\cgamemanager.cpp(653): error C2440: '初期化中': 'const char [5]' から 'char *' に変換できません。
  d:\develop\project\vc2017\droid_ii\droid_ii\source\cgamemanager.cpp(653): note: 文字列リテラルからの変換では const 修飾子が失われます (/Zc:strictStrings を参照)
d:\develop\project\vc2017\droid_ii\droid_ii\source\cgamemanager.cpp(695): error C2440: '初期化中': 'const char [5]' から 'char *' に変換できません。
  d:\develop\project\vc2017\droid_ii\droid_ii\source\cgamemanager.cpp(695): note: 文字列リテラルからの変換では const 修飾子が失われます (/Zc:strictStrings を参照)
  cPlayer.cpp
d:\develop\project\vc2017\droid_ii\droid_ii\source\cplayer.cpp(54): error C2440: '=': 'const char [5]' から 'char *' に変換できません。
  d:\develop\project\vc2017\droid_ii\droid_ii\source\cplayer.cpp(54): note: 文字列リテラルからの変換では const 修飾子が失われます (/Zc:strictStrings を参照)
d:\develop\project\vc2017\droid_ii\droid_ii\source\cplayer.cpp(55): error C2440: '=': 'const char [5]' から 'char *' に変換できません。
  d:\develop\project\vc2017\droid_ii\droid_ii\source\cplayer.cpp(55): note: 文字列リテラルからの変換では const 修飾子が失われます (/Zc:strictStrings を参照)
d:\develop\project\vc2017\droid_ii\droid_ii\source\cplayer.cpp(56): error C2440: '=': 'const char [6]' から 'char *' に変換できません。
  d:\develop\project\vc2017\droid_ii\droid_ii\source\cplayer.cpp(56): note: 文字列リテラルからの変換では const 修飾子が失われます (/Zc:strictStrings を参照)
d:\develop\project\vc2017\droid_ii\droid_ii\source\cplayer.cpp(57): error C2440: '=': 'const char [13]' から 'char *' に変換できません。
  d:\develop\project\vc2017\droid_ii\droid_ii\source\cplayer.cpp(57): note: 文字列リテラルからの変換では const 修飾子が失われます (/Zc:strictStrings を参照)
d:\develop\project\vc2017\droid_ii\droid_ii\source\cplayer.cpp(58): error C2440: '=': 'const char [6]' から 'char *' に変換できません。
  d:\develop\project\vc2017\droid_ii\droid_ii\source\cplayer.cpp(58): note: 文字列リテラルからの変換では const 修飾子が失われます (/Zc:strictStrings を参照)
d:\develop\project\vc2017\droid_ii\droid_ii\source\cplayer.cpp(59): error C2440: '=': 'const char [8]' から 'char *' に変換できません。
  d:\develop\project\vc2017\droid_ii\droid_ii\source\cplayer.cpp(59): note: 文字列リテラルからの変換では const 修飾子が失われます (/Zc:strictStrings を参照)
d:\develop\project\vc2017\droid_ii\droid_ii\source\cplayer.cpp(60): error C2440: '=': 'const char [6]' から 'char *' に変換できません。
  d:\develop\project\vc2017\droid_ii\droid_ii\source\cplayer.cpp(60): note: 文字列リテラルからの変換では const 修飾子が失われます (/Zc:strictStrings を参照)
d:\develop\project\vc2017\droid_ii\droid_ii\source\cplayer.cpp(61): error C2440: '=': 'const char [13]' から 'char *' に変換できません。
  d:\develop\project\vc2017\droid_ii\droid_ii\source\cplayer.cpp(61): note: 文字列リテラルからの変換では const 修飾子が失われます (/Zc:strictStrings を参照)
d:\develop\project\vc2017\droid_ii\droid_ii\source\cplayer.cpp(62): error C2440: '=': 'const char [6]' から 'char *' に変換できません。
  d:\develop\project\vc2017\droid_ii\droid_ii\source\cplayer.cpp(62): note: 文字列リテラルからの変換では const 修飾子が失われます (/Zc:strictStrings を参照)
d:\develop\project\vc2017\droid_ii\droid_ii\source\cplayer.cpp(63): error C2440: '=': 'const char [6]' から 'char *' に変換できません。
  d:\develop\project\vc2017\droid_ii\droid_ii\source\cplayer.cpp(63): note: 文字列リテラルからの変換では const 修飾子が失われます (/Zc:strictStrings を参照)
d:\develop\project\vc2017\droid_ii\droid_ii\source\cplayer.cpp(64): error C2440: '=': 'const char [8]' から 'char *' に変換できません。
  d:\develop\project\vc2017\droid_ii\droid_ii\source\cplayer.cpp(64): note: 文字列リテラルからの変換では const 修飾子が失われます (/Zc:strictStrings を参照)
d:\develop\project\vc2017\droid_ii\droid_ii\source\cplayer.cpp(65): error C2440: '=': 'const char [6]' から 'char *' に変換できません。
  d:\develop\project\vc2017\droid_ii\droid_ii\source\cplayer.cpp(65): note: 文字列リテラルからの変換では const 修飾子が失われます (/Zc:strictStrings を参照)
d:\develop\project\vc2017\droid_ii\droid_ii\source\cplayer.cpp(66): error C2440: '=': 'const char [13]' から 'char *' に変換できません。
  d:\develop\project\vc2017\droid_ii\droid_ii\source\cplayer.cpp(66): note: 文字列リテラルからの変換では const 修飾子が失われます (/Zc:strictStrings を参照)
d:\develop\project\vc2017\droid_ii\droid_ii\source\cplayer.cpp(67): error C2440: '=': 'const char [6]' から 'char *' に変換できません。
  d:\develop\project\vc2017\droid_ii\droid_ii\source\cplayer.cpp(67): note: 文字列リテラルからの変換では const 修飾子が失われます (/Zc:strictStrings を参照)
d:\develop\project\vc2017\droid_ii\droid_ii\source\cplayer.cpp(68): error C2440: '=': 'const char [6]' から 'char *' に変換できません。
  d:\develop\project\vc2017\droid_ii\droid_ii\source\cplayer.cpp(68): note: 文字列リテラルからの変換では const 修飾子が失われます (/Zc:strictStrings を参照)
d:\develop\project\vc2017\droid_ii\droid_ii\source\cplayer.cpp(69): error C2440: '=': 'const char [8]' から 'char *' に変換できません。
  d:\develop\project\vc2017\droid_ii\droid_ii\source\cplayer.cpp(69): note: 文字列リテラルからの変換では const 修飾子が失われます (/Zc:strictStrings を参照)
d:\develop\project\vc2017\droid_ii\droid_ii\source\cplayer.cpp(102): error C2440: 'return': 'const char [5]' から 'char *' に変換できません。
  d:\develop\project\vc2017\droid_ii\droid_ii\source\cplayer.cpp(102): note: 文字列リテラルからの変換では const 修飾子が失われます (/Zc:strictStrings を参照)
  cTimeManager.cpp
  cTwinBeam.cpp
  cBarriar.cpp
c1xx : fatal error C1083: ソース ファイルを開けません。'source\src\cBarriar.cpp':No such file or directory
  cBeam.cpp
c1xx : fatal error C1083: ソース ファイルを開けません。'source\src\cBeam.cpp':No such file or directory
  cCommon.cpp
c1xx : fatal error C1083: ソース ファイルを開けません。'source\src\cCommon.cpp':No such file or directory
  cGameManager.cpp
c1xx : fatal error C1083: ソース ファイルを開けません。'source\src\cGameManager.cpp':No such file or directory
  cPlayer.cpp
c1xx : fatal error C1083: ソース ファイルを開けません。'source\src\cPlayer.cpp':No such file or directory
  cSmallBeam.cpp
c1xx : fatal error C1083: ソース ファイルを開けません。'source\src\cSmallBeam.cpp':No such file or directory
  cTimeManager.cpp
c1xx : fatal error C1083: ソース ファイルを開けません。'source\src\cTimeManager.cpp':No such file or directory
  Main.cpp
c1xx : fatal error C1083: ソース ファイルを開けません。'source\src\Main.cpp':No such file or directory
  コードを生成中...
